Traceback (most recent call last):
  File "/Users/damian/miniconda3/envs/numerical_methods/lib/python3.9/site-packages/jupyter_cache/executors/utils.py", line 58, in single_nb_execution
    executenb(
  File "/Users/damian/miniconda3/envs/numerical_methods/lib/python3.9/site-packages/nbclient/client.py", line 1305, in execute
    return NotebookClient(nb=nb, resources=resources, km=km, **kwargs).execute()
  File "/Users/damian/miniconda3/envs/numerical_methods/lib/python3.9/site-packages/jupyter_core/utils/__init__.py", line 166, in wrapped
    return loop.run_until_complete(inner)
  File "/Users/damian/miniconda3/envs/numerical_methods/lib/python3.9/asyncio/base_events.py", line 647, in run_until_complete
    return future.result()
  File "/Users/damian/miniconda3/envs/numerical_methods/lib/python3.9/site-packages/nbclient/client.py", line 705, in async_execute
    await self.async_execute_cell(
  File "/Users/damian/miniconda3/envs/numerical_methods/lib/python3.9/site-packages/nbclient/client.py", line 1058, in async_execute_cell
    await self._check_raise_for_error(cell, cell_index, exec_reply)
  File "/Users/damian/miniconda3/envs/numerical_methods/lib/python3.9/site-packages/nbclient/client.py", line 914, in _check_raise_for_error
    raise CellExecutionError.from_cell_and_msg(cell, exec_reply_content)
nbclient.exceptions.CellExecutionError: An error occurred while executing the following cell:
------------------
inv(A_singular)
------------------


SingularException(3)

Stacktrace:
 [1] checknonsingular
   @ /Applications/Julia-1.9.app/Contents/Resources/julia/share/julia/stdlib/v1.9/LinearAlgebra/src/factorization.jl:19 [inlined]
 [2] checknonsingular
   @ /Applications/Julia-1.9.app/Contents/Resources/julia/share/julia/stdlib/v1.9/LinearAlgebra/src/factorization.jl:22 [inlined]
 [3] #lu!#170
   @ /Applications/Julia-1.9.app/Contents/Resources/julia/share/julia/stdlib/v1.9/LinearAlgebra/src/lu.jl:82 [inlined]
 [4] lu!
   @ /Applications/Julia-1.9.app/Contents/Resources/julia/share/julia/stdlib/v1.9/LinearAlgebra/src/lu.jl:80 [inlined]
 [5] #lu#176
   @ /Applications/Julia-1.9.app/Contents/Resources/julia/share/julia/stdlib/v1.9/LinearAlgebra/src/lu.jl:299 [inlined]
 [6] lu (repeats 2 times)
   @ /Applications/Julia-1.9.app/Contents/Resources/julia/share/julia/stdlib/v1.9/LinearAlgebra/src/lu.jl:298 [inlined]
 [7] inv(A::Matrix{Int64})
   @ LinearAlgebra /Applications/Julia-1.9.app/Contents/Resources/julia/share/julia/stdlib/v1.9/LinearAlgebra/src/dense.jl:917
 [8] top-level scope
   @ In[6]:1

